<?xml version="1.0" encoding="UTF-8"?>
<testsuite name="com.example.DemoTest" tests="1" skipped="0" failures="0" errors="0" timestamp="2021-08-18T09:19:18" hostname="Ujjawals-MacBook-Pro.local" time="0.018">
  <properties/>
  <testcase name="testItWorks()" classname="com.example.DemoTest" time="0.018"/>
  <system-out><![CDATA[?[36m14:49:12.279?[0;39m ?[1;30m[Test worker]?[0;39m ?[34mINFO ?[0;39m ?[35mi.m.context.env.DefaultEnvironment?[0;39m - Established active environments: [test]
]]></system-out>
  <system-err><![CDATA[]]></system-err>
</testsuite>
